<!DOCTYPE html>
<html>
<head>
<meta charset="ISO-8859-1">
<style type="text/css">
pre {
  font-family:Courier New;
  font-size:10pt;
}

.af_line {
  color: gray;
  text-decoration: none;
}

</style>
<title>102220.txt</title>
</head>
<body>
<pre>Script started on 2025-03-13 10:22:20+01:00 [TERM=&quot;xterm-256color&quot; TTY=&quot;/dev/pts/0&quot; COLUMNS=&quot;92&quot; LINES=&quot;5&quot;]
<span style="color:#5c5cff;">ITINF24/lektion12
y/span>$ /bin/python3 /shared/kent/Documents/nackademin/python/py-live/ITINF24/lektion12/syspath.py 
[&apos;/shared/kent/Documents/nackademin/python/py-live/ITINF24/lektion12&apos;, &apos;/usr/lib/python311.zip&apos;, &apos;/usr/lib/python3.11&apos;, &apos;/usr/lib/python3.11/lib-dynload&apos;, &apos;/usr/local/lib/python3.11/dist-packages&apos;, &apos;/usr/lib/python3/dist-packages&apos;, &apos;/usr/lib/python3.11/dist-packages&apos;]
<span style="color:#5c5cff;">ITINF24/lektion12
<span style="color:#5c5cff;">">ITINF24/lektion12
</span>$ pytohhon 3 syspath.py 
[&apos;/shared/kent/Documents/nackademin/python/py-live/ITINF24/lektion12&apos;, &apos;/usr/lib/python311.zip&apos;, &apos;/usr/lib/python3.11&apos;, &apos;/usr/lib/python3.11/lib-dynload&apos;, &apos;/usr/local/lib/python3.11/dist-packages&apos;, &apos;/usr/lib/python3/dist-packages&apos;, &apos;/usr/lib/python3.11/dist-packages&apos;]
<span style="color:#5c5cff;">ITINF24/lektion12
</span>$ cd ..
<span style="color:#5c5cff;">ITINF24 </span>$ cd .python3 syspath.py <span style="color:#5c5cff;">ITINF24 </span>$ python3 syspath.pylek
tion12/sts
yspath.py 
[&apos;/shared/kent/Documents/nackademin/python/py-live/ITINF24/lektion12&apos;, &apos;/usr/lib/python311.zip&apos;, &apos;/usr/lib/python3.11&apos;, &apos;/usr/lib/python3.11/lib-dynload&apos;, &apos;/usr/local/lib/python3.11/dist-packages&apos;, &apos;/usr/lib/python3/dist-packages&apos;, &apos;/usr/lib/python3.11/dist-packages&apos;]
<span style="color:#5c5cff;">ITINF24 </span>$ python3 lektion12/syspath.py <span style="color:#5c5cff;">ITINF24 </span>$ python3 lektion12/syspath.py 
[&apos;/shared/kent/Documents/nackademin/python/py-live/ITINF24/lektion12&apos;, &apos;/usr/lib/python311.zip&apos;, &apos;/usr/lib/python3.11&apos;, &apos;/usr/lib/python3.11/lib-dynload&apos;, &apos;/usr/local/lib/python3.11/dist-packages&apos;, &apos;/usr/lib/python3/dist-packages&apos;, &apos;/usr/lib/python3.11/dist-packages&apos;, &apos;/etc&apos;]
<span style="color:#5c5cff;">ITINF24 </span>$ mkdir /tmp/minmodd
<span style="color:#5c5cff;">ITINF24 </span>$ echo &apos;print(&quot;HELLO FROM MINM&lt;ODDODD&quot;) &gt; /tmp/minmodd/middeodden.py
python3 lektion12/syspath.py <span style="color:#5c5cff;">ITINF24 </span>$ python3 lektion12/syspath.py ; /tmp/minmodd/modden.py
Traceback (most recent call last):
  File &quot;/shared/kent/Documents/nackademin/python/py-live/ITINF24/lektion12/syspath.py&quot;, line 3, in &lt;module&gt;
    import modden
ModuleNotFoundError: No module named &apos;modden&apos;
<span style="color:#000000;background-color:#000000;"></span><span style="color:#5c5cff;background-color:#000000;">ITINF24 </span>$ echspan style="color:#000000;background-color:#000000;">o&apos;: </span><span style="color:#000000;background-color:#000000;">echo</span><span style="color:#000000;background-color:#000000;">t(&quot;HELLO FROM MINMODD&quot;)&apos; &gt; /tmp/minmodd/modden.py





  ^C
python3 lektion12/syspath.py <span style="color:#5c5cff;">ITINF24 </span>$ python3 lektion12/syspath.py 
HELLO FROM MINMODD
[&apos;/shared/kent/Documents/nackademin/python/py-live/ITINF24/lektion12&apos;, &apos;/usr/lib/python311.zip&apos;, &apos;/usr/lib/python3.11&apos;, &apos;/usr/lib/python3.11/lib-dynload&apos;, &apos;/usr/local/lib/python3.11/dist-packages&apos;, &apos;/usr/lib/python3/dist-packages&apos;, &apos;/usr/lib/python3.11/dist-packages&apos;, &apos;/tmp/minmodd&apos;]
<span style="color:#5c5cff;">ITINF24 </span>$ <span style="color:#5c5cff;">ITINF24 </span>$ echo Â$PATH 
lektioYDEVD_DISABLE_FILE_VALIDATION 
lektioTHONPATH

python3 lektion12/syspath.pyPYTHONPATH=/tmp/m,inmodd$PYTHONPATH







<span style="color:#5c5cff;">ITINF24 </span>$ PYTHONPATH=/tmp/minmodd python3 lektion12/syspath.py 
python3: can&apos;t open file &apos;/shared/kent/Documents/nackademin/python/py-live/ITINF24/lektion12/syspath.py&apos;: [Errno 2] No such file or directory
<span style="color:#5c5cff;">ITINF24 </span>$ PYTHONPATH=/tmp/minmodd python3 lektion12/syspath.py2<span style="color:#5c5cff;">ITINF24 </span>$ PYTHONPATH=/tmp/minmodd python3 lektion12/syspath2.py
HELLO FROM MINMODD
[&apos;/shared/kent/Documents/nackademin/python/py-live/ITINF24/lektion12&apos;, &apos;/tmp/minmodd&apos;, &apos;/usr/lib/python311.zip&apos;, &apos;/usr/lib/python3.11&apos;, &apos;/usr/lib/python3.11/lib-dynload&apos;, &apos;/usr/local/lib/python3.11/dist-packages&apos;, &apos;/usr/lib/python3/dist-packages&apos;, &apos;/usr/lib/python3.11/dist-packages&apos;]
<span style="color:#5c5cff;">ITINF24 </span>$ <span style="color:#5c5cff;">ITINF24 </span>$ python3
Python 3.11.2 (main, Nov 30 2024, 21:22:50) [GCC 12.2.0] on linux
Type &quot;help&quot;, &quot;copyright&quot;, &quot;credits&quot; or &quot;license&quot; for more information.
&gt;&gt;&gt; print(&quot;hej&quot;)
hej
&gt;&gt;&gt; &gt;&gt;&gt; import sys
&gt;&gt;&gt; 
&gt;&gt;&gt; print(sys.

sys.abiflags                               sys.hash_info
sys.addaudithook(                          sys.hexversion
sys.api_version                            sys.implementation
sys.argv                                   sys.int_info
sys.audit(                                 sys.intern(
sys.base_exec_prefix                       sys.is_finalizing()
sys.base_prefix                            sys.maxsize
sys.breakpointhook(                        sys.maxunicode
sys.builtin_module_names                   sys.meta_path
sys.byteorder                              sys.modules
sys.call_tracing(                          sys.orig_argv
sys.copyright                              sys.path
sys.displayhook(                           sys.path_hooks
sys.dont_write_bytecode                    sys.path_importer_cache
sys.exc_info()                             sys.platform
sys.excepthook(                            sys.platlibdir
sys.exception()                            sys.prefix
sys.exec_prefix                            sys.ps1
sys.executable                             sys.ps2
sys.exit(                                  sys.pycache_prefix
sys.flags                                  sys.set_asyncgen_hooks(
sys.float_info                             sys.set_coroutine_origin_tracking_depth(
sys.float_repr_style                       sys.set_int_max_str_digits(
sys.get_asyncgen_hooks()                   sys.setdlopenflags(
sys.get_coroutine_origin_tracking_depth()  sys.setprofile(
sys.get_int_max_str_digits()               sys.setrecursionlimit(
sys.getallocatedblocks()                   sys.setswitchinterval(
sys.getdefaultencoding()                   sys.settrace(
sys.getdlopenflags()                       sys.stderr
sys.getfilesystemencodeerrors()            sys.stdin
sys.getfilesystemencoding()                sys.stdlib_module_names
sys.getprofile()                           sys.stdout
sys.getrecursionlimit()                    sys.thread_info
sys.getrefcount(                           sys.unraisablehook(
sys.getsizeof(                             sys.version
sys.getswitchinterval()                    sys.version_info
sys.gettrace()                             sys.warnoptions
&gt;&gt;&gt; print(sys.
pl
atform)&gt;&gt;&gt; print(sys.platform)
linux
&gt;&gt;&gt; 
<span style="color:#5c5cff;">ITINF24 </span>$ <span style="color:#5c5cff;">ITINF24 </span>$ ls
lektion1   lektion11  lektion2	lektion5  lektion7
lektion10  lektion12  lektion4	lektion6  lektion9
<span style="color:#5c5cff;">ITINF24 </span>$ cd lek
tion12/
<span style="color:#5c5cff;">ITINF24/lektion12
<span style="color:#5c5cff;">5c5cff;">ITINF24/lektion12
</span>$ ls
doctests  ex_import_vs_script  recordings  syspath
<span style="color:#5c5cff;">ITINF24/lektion12
</span>$ cd doctests/
<span style="color:#5c5cff;">ITINF24/lektion12/doctests
<span style="color:#5c5cff;">5c5cff;">ITINF24/lektion12/doctests
</span>$ ls
greet.py
<span style="color:#5c5cff;">ITINF24/lektion12/doctests
<span style="color:#5c5cff;">an style="color:#5c5cff;">ITINF24/lektion12/doctests
</span>$ python3 greet.py 
**********************************************************************
File &quot;/shared/kent/Documents/nackademin/python/py-live/ITINF24/lektion12/doctests/greet.py&quot;, line 8, in __main__.greet
Failed example:
    greet(&quot;Urban&quot;)
Expected:
    Hello Urban!
Got:
    &apos;Hello Urban!&apos;
**********************************************************************
1 items had failures:
   1 of   1 in __main__.greet
***Test Failed*** 1 failures.
<span style="color:#5c5cff;">ITINF24/lektion12/doctests
<span style="color:#5c5cff;">e="color:#5c5cff;">ITINF24/lektion12/doctests
</span>$ python3 greet.py 
<span style="color:#5c5cff;">ITINF24/lektion12/doctests
<span style="color:#5c5cff;">">ITINF24/lektion12/doctests
</span>$ python3 greet.py 
**********************************************************************
File &quot;/shared/kent/Documents/nackademin/python/py-live/ITINF24/lektion12/doctests/greet.py&quot;, line 11, in __main__.greet
Failed example:
    greet()
Expected:
    &apos;Hello stranger things!&apos;
Got:
    &apos;Hello stranger!&apos;
**********************************************************************
1 items had failures:
   1 of   2 in __main__.greet
***Test Failed*** 1 failures.
<span style="color:#5c5cff;">ITINF24/lektion12/doctests
<span style="color:#5c5cff;">e="color:#5c5cff;">ITINF24/lektion12/doctests
</span>$ python3 greet.py 
<span style="color:#5c5cff;">ITINF24/lektion12/doctests
<span style="color:#5c5cff;">e="color:#5c5cff;">ITINF24/lektion12/doctests
</span>$ python3 greet.py 
<span style="color:#5c5cff;">ITINF24/lektion12/doctests
</span>$ python3 greet.py 
<span style="color:#5c5cff;">ITINF24/lektion12/doctests
<span style="color:#5c5cff;">"color:#5c5cff;">ITINF24/lektion12/doctests
<span style="color:#5c5cff;">an style="color:#5c5cff;">ITINF24/lektion12/doctests
</span>$ python3 greet2.py
Trying:
    greet(&quot;Urban&quot;)
Expecting:
    &apos;Hello Urban!&apos;
ok
Trying:
    greet()
Expecting:
    &apos;Hello stranger!!&apos;
**********************************************************************
File &quot;/shared/kent/Documents/nackademin/python/py-live/ITINF24/lektion12/doctests/greet2.py&quot;, line 11, in __main__.greet
Failed example:
    greet()
Expected:
    &apos;Hello stranger!!&apos;
Got:
    &apos;Hello stranger!&apos;
1 items had no tests:
    __main__
**********************************************************************
1 items had failures:
   1 of   2 in __main__.greet
2 tests in 2 items.
1 passed and 1 failed.
***Test Failed*** 1 failures.
<span style="color:#5c5cff;">ITINF24/lektion12/doctests
<span style="color:#5c5cff;">pan style="color:#5c5cff;">ITINF24/lektion12/doctests
</span>$ python3 greet2.py3
<span style="color:#5c5cff;">ITINF24/lektion12/doctests
<span style="color:#5c5cff;">an style="color:#5c5cff;">ITINF24/lektion12/doctests
</span>$ python3 greet3.py
Trying:
    greet(&quot;Urban&quot;)
Expecting:
    &apos;Hello Urban!&apos;
ok
Trying:
    greet()
Expecting:
    &apos;Hello stranger!!&apos;
**********************************************************************
File &quot;/shared/kent/Documents/nackademin/python/py-live/ITINF24/lektion12/doctests/greet3.py&quot;, line 11, in __main__.greet
Failed example:
    greet()
Expected:
    &apos;Hello stranger!!&apos;
Got:
    &apos;Hello stranger!&apos;
Trying:
    upperize(&quot;hello&quot;)
Expecting:
    &apos;HELLO&apos;
ok
1 items had no tests:
    __main__
1 items passed all tests:
   1 tests in __main__.upperize
**********************************************************************
1 items had failures:
   1 of   2 in __main__.greet
3 tests in 3 items.
2 passed and 1 failed.
***Test Failed*** 1 failures.
<span style="color:#5c5cff;">ITINF24/lektion12/doctests
<span style="color:#5c5cff;">an style="color:#5c5cff;">ITINF24/lektion12/doctests
</span>$ python3 greet3.py
Trying:
    upperize(greet())
Expecting:
    &apos;HELLO STRANGER!&apos;
ok
Trying:
    greet(&quot;Urban&quot;)
Expecting:
    &apos;Hello Urban!&apos;
ok
Trying:
    greet()
Expecting:
    &apos;Hello stranger!&apos;
ok
Trying:
    upperize(&quot;hello&quot;)
Expecting:
    &apos;HELLO&apos;
ok
3 items passed all tests:
   1 tests in __main__
   2 tests in __main__.greet
   1 tests in __main__.upperize
4 tests in 3 items.
4 passed and 0 failed.
Test passed.
<span style="color:#5c5cff;">ITINF24/lektion12/doctests
$ python3 greet3.py^Ct3.py
<span style="color:#5c5cff;">ITINF24/lektion12/doctests
<span style="color:#5c5cff;">5c5cff;">ITINF24/lektion12/doctests
</span>$ cd ..
<span style="color:#5c5cff;">ITINF24/lektion12
<span style="color:#5c5cff;">5c5cff;">ITINF24/lektion12
</span>$ ls
cat_years.py  doctests	ex_import_vs_script  recordings  syspath
<span style="color:#5c5cff;">ITINF24/lektion12
</span>$ fold cat_years.py 
The first year of your cat&apos;s life is considered the equivalent of 15 human years
. The second year adds nine more human years, so 2 cat years are approximately 2
4 human years. After this, each additional human year is four â€œcat yearsâ€ i.
e., age 3 will be 28 human years.7&apos;
<span style="color:#5c5cff;">ITINF24/lektion12
</span>$ fold cat_years.py -w 30
The first year of your cat&apos;s l
ife is considered the equivale
nt of 15 human years. The seco
nd year adds nine more human y
ears, so 2 cat years are appro
ximately 24 human years. After
 this, each additional human y
ear is four â€œcat yearsâ€ i.
e., age 3 will be 28 human yea
rs.7&apos;
<span style="color:#5c5cff;">ITINF24/lektion12
</span>$ fold cat_years.py -w 30 -s
The first year of your cat&apos;s 
life is considered the 
equivalent of 15 human years. 
The second year adds nine 
more human years, so 2 cat 
years are approximately 24 
human years. After this, each 
additional human year is four 
â€œcat yearsâ€ i.e., age 3 
will be 28 human years.7&apos;
<span style="color:#5c5cff;">ITINF24/lektion12
<span style="color:#5c5cff;"> 30 - - -2 -5 -<span style="color:#5c5cff;">ITINF24/lektion12
</span>$ fold cat_years.py -w 25 -
The first year of your 
cat&apos;s life is considered 
the equivalent of 15 
human years. The second 
year adds nine more 
human years, so 2 cat 
years are approximately 
24 human years. After 
this, each additional 
human year is four 
â€œcat yearsâ€ i.e., 
age 3 will be 28 human 
years.7&apos;
<span style="color:#5c5cff;">ITINF24/lektion12
</span>$ fold cat_years.py -w 25 - - -3 -0 -
The first year of your cat&apos;s 
life is considered the 
equivalent of 15 human years. 
The second year adds nine 
more human years, so 2 cat 
years are approximately 24 
human years. After this, each 
additional human year is four 
â€œcat yearsâ€ i.e., age 3 
will be 28 human years.7&apos;
<span style="color:#5c5cff;">ITINF24/lektion12
<span style="color:#5c5cff;">#5c5cff;">ITINF24/lektion12
</span>$ python3








cd unittest/
<span style="color:#5c5cff;">ITINF24/lektion12/unittest
<span style="color:#5c5cff;">"color:#5c5cff;">ITINF24/lektion12/unittest
</span>$ python3 cat_m
ath_test.py 
.
----------------------------------------------------------------------
Ran 1 test in 0.000s

OK
<span style="color:#5c5cff;">ITINF24/lektion12/unittest
<span style="color:#5c5cff;">pan style="color:#5c5cff;">ITINF24/lektion12/unittest
</span>$ python3 cat_math_test.py 
test_upper (__main__.TestStringMethods.test_upper) ... ok

----------------------------------------------------------------------
Ran 1 test in 0.000s

OK
<span style="color:#5c5cff;">ITINF24/lektion12/unittest
<span style="color:#5c5cff;">t.py <span style="color:#5c5cff;">ITINF24/lektion12/unittest
</span>$ python3 cat_math_test.py 
test_one (__main__.TestStringMethods.test_one) ... FAIL

======================================================================
FAIL: test_one (__main__.TestStringMethods.test_one)
----------------------------------------------------------------------
Traceback (most recent call last):
  File &quot;/shared/kent/Documents/nackademin/python/py-live/ITINF24/lektion12/unittest/cat_math_test.py&quot;, line 8, in test_one
    self.assertEqual(htc(1), 15)
AssertionError: None != 15

----------------------------------------------------------------------
Ran 1 test in 0.001s

FAILED (failures=1)
<span style="color:#5c5cff;">ITINF24/lektion12/unittest
<span style="color:#5c5cff;">t.py <span style="color:#5c5cff;">ITINF24/lektion12/unittest
</span>$ python3 cat_math_test.py 
test_one (__main__.TestStringMethods.test_one) ... ok

----------------------------------------------------------------------
Ran 1 test in 0.000s

OK
<span style="color:#5c5cff;">ITINF24/lektion12/unittest
<span style="color:#5c5cff;">t.py <span style="color:#5c5cff;">ITINF24/lektion12/unittest
</span>$ python3 cat_math_test.py 
test_one (__main__.TestStringMethods.test_one) ... ok
test_two (__main__.TestStringMethods.test_two) ... FAIL

======================================================================
FAIL: test_two (__main__.TestStringMethods.test_two)
----------------------------------------------------------------------
Traceback (most recent call last):
  File &quot;/shared/kent/Documents/nackademin/python/py-live/ITINF24/lektion12/unittest/cat_math_test.py&quot;, line 11, in test_two
    self.assertEqual(htc(2), 24)
AssertionError: 15 != 24

----------------------------------------------------------------------
Ran 2 tests in 0.001s

FAILED (failures=1)
<span style="color:#5c5cff;">ITINF24/lektion12/unittest
<span style="color:#5c5cff;">t.py <span style="color:#5c5cff;">ITINF24/lektion12/unittest
</span>$ python3 cat_math_test.py 
test_one (__main__.TestStringMethods.test_one) ... ok
test_two (__main__.TestStringMethods.test_two) ... ok

----------------------------------------------------------------------
Ran 2 tests in 0.000s

OK
<span style="color:#5c5cff;">ITINF24/lektion12/unittest
<span style="color:#5c5cff;">5c5cff;">ITINF24/lektion12/unittest
</span>$ python3 cat_math_test.py 
test_one (__main__.TestStringMethods.test_one) ... ok
test_three (__main__.TestStringMethods.test_three) ... FAIL
test_two (__main__.TestStringMethods.test_two) ... ok

======================================================================
FAIL: test_three (__main__.TestStringMethods.test_three)
----------------------------------------------------------------------
Traceback (most recent call last):
  File &quot;/shared/kent/Documents/nackademin/python/py-live/ITINF24/lektion12/unittest/cat_math_test.py&quot;, line 14, in test_three
    self.assertEqual(htc(3), 28)
AssertionError: 24 != 28

----------------------------------------------------------------------
Ran 3 tests in 0.001s

FAILED (failures=1)
<span style="color:#5c5cff;">ITINF24/lektion12/unittest
<span style="color:#5c5cff;">t.py <span style="color:#5c5cff;">ITINF24/lektion12/unittest
</span>$ python3 cat_math_test.py 
test_one (__main__.TestStringMethods.test_one) ... ok
test_three (__main__.TestStringMethods.test_three) ... ok
test_two (__main__.TestStringMethods.test_two) ... ok

----------------------------------------------------------------------
Ran 3 tests in 0.000s

OK
<span style="color:#5c5cff;">ITINF24/lektion12/unittest
<span style="color:#5c5cff;">5c5cff;">ITINF24/lektion12/unittest
</span>$ ls
cat_math.py  cat_math_test.py  cat_years_definition.txt  __pycache__
<span style="color:#5c5cff;">ITINF24/lektion12/unittest
</span>$ cp ca
t_m
ath.py cat
_m
ath_test.pyfprorxin







<span style="color:#5c5cff;">le="color:#5c5cff;">ITINF24/lektion12/unittest
</span>$ for x in cat_math.py cat_math_test.py; do cp $x 1_$x; don
<span style="color:#5c5cff;">ITINF24/lektion12/unittest
<span style="color:#5c5cff;">5c5cff;">ITINF24/lektion12/unittest
</span>$ ls
1_cat_math.py	    cat_math.py       cat_years_definition.txt
1_cat_math_test.py  cat_math_test.py  __pycache__
<span style="color:#5c5cff;">ITINF24/lektion12/unittest
<span style="color:#5c5cff;">5c5cff;">ITINF24/lektion12/unittest
<span style="color:#5c5cff;">pan style="color:#5c5cff;">ITINF24/lektion12/unittest
</span>$ python3 cat_math_test.py 
test_one (__main__.TestStringMethods.test_one) ... ok
test_three (__main__.TestStringMethods.test_three) ... ok
test_two (__main__.TestStringMethods.test_two) ... ok

----------------------------------------------------------------------
Ran 3 tests in 0.000s

OK
<span style="color:#5c5cff;">ITINF24/lektion12/unittest
<span style="color:#5c5cff;">5c5cff;">ITINF24/lektion12/unittest
<span style="color:#5c5cff;">t.py <span style="color:#5c5cff;">ITINF24/lektion12/unittest
</span>$ python3 cat_math_test.py 
test_four (__main__.TestStringMethods.test_four) ... FAIL
test_one (__main__.TestStringMethods.test_one) ... ok
test_three (__main__.TestStringMethods.test_three) ... ok
test_two (__main__.TestStringMethods.test_two) ... ok

======================================================================
FAIL: test_four (__main__.TestStringMethods.test_four)
----------------------------------------------------------------------
Traceback (most recent call last):
  File &quot;/shared/kent/Documents/nackademin/python/py-live/ITINF24/lektion12/unittest/cat_math_test.py&quot;, line 17, in test_four
    self.assertEqual(htc(4), 32)
AssertionError: 28 != 32

----------------------------------------------------------------------
Ran 4 tests in 0.001s

FAILED (failures=1)
<span style="color:#5c5cff;">ITINF24/lektion12/unittest
<span style="color:#5c5cff;">t.py <span style="color:#5c5cff;">ITINF24/lektion12/unittest
</span>$ python3 cat_math_test.py 
test_four (__main__.TestStringMethods.test_four) ... ok
test_one (__main__.TestStringMethods.test_one) ... ok
test_three (__main__.TestStringMethods.test_three) ... ok
test_two (__main__.TestStringMethods.test_two) ... ok

----------------------------------------------------------------------
Ran 4 tests in 0.000s

OK
<span style="color:#5c5cff;">ITINF24/lektion12/unittest
<span style="color:#5c5cff;">5c5cff;">ITINF24/lektion12/unittest
<span style="color:#5c5cff;">t.py <span style="color:#5c5cff;">ITINF24/lektion12/unittest
</span>$ python3 cat_math_test.py 
test_four (__main__.TestStringMethods.test_four) ... ok
test_one (__main__.TestStringMethods.test_one) ... ok
test_three (__main__.TestStringMethods.test_three) ... ok
test_two (__main__.TestStringMethods.test_two) ... ok

----------------------------------------------------------------------
Ran 4 tests in 0.000s

OK
<span style="color:#5c5cff;">ITINF24/lektion12/unittest
<span style="color:#5c5cff;">t.py <span style="color:#5c5cff;">ITINF24/lektion12/unittest
</span>$ python3 cat_math_test.py 
test_four (__main__.TestStringMethods.test_four) ... FAIL
test_one (__main__.TestStringMethods.test_one) ... ok
test_three (__main__.TestStringMethods.test_three) ... FAIL
test_two (__main__.TestStringMethods.test_two) ... FAIL

======================================================================
FAIL: test_four (__main__.TestStringMethods.test_four)
----------------------------------------------------------------------
Traceback (most recent call last):
  File &quot;/shared/kent/Documents/nackademin/python/py-live/ITINF24/lektion12/unittest/cat_math_test.py&quot;, line 17, in test_four
    self.assertEqual(htc(4), 32)
AssertionError: 40 != 32

======================================================================
FAIL: test_three (__main__.TestStringMethods.test_three)
----------------------------------------------------------------------
Traceback (most recent call last):
  File &quot;/shared/kent/Documents/nackademin/python/py-live/ITINF24/lektion12/unittest/cat_math_test.py&quot;, line 14, in test_three
    self.assertEqual(htc(3), 28)
AssertionError: 36 != 28

======================================================================
FAIL: test_two (__main__.TestStringMethods.test_two)
----------------------------------------------------------------------
Traceback (most recent call last):
  File &quot;/shared/kent/Documents/nackademin/python/py-live/ITINF24/lektion12/unittest/cat_math_test.py&quot;, line 11, in test_two
    self.assertEqual(htc(2), 24)
AssertionError: 32 != 24

----------------------------------------------------------------------
Ran 4 tests in 0.001s

FAILED (failures=3)
<span style="color:#5c5cff;">ITINF24/lektion12/unittest
<span style="color:#5c5cff;">t.py <span style="color:#5c5cff;">ITINF24/lektion12/unittest
</span>$ python3 cat_math_test.py 
test_four (__main__.TestStringMethods.test_four) ... ok
test_one (__main__.TestStringMethods.test_one) ... ok
test_three (__main__.TestStringMethods.test_three) ... ok
test_two (__main__.TestStringMethods.test_two) ... ok

----------------------------------------------------------------------
Ran 4 tests in 0.000s

OK
<span style="color:#5c5cff;">ITINF24/lektion12/unittest
<span style="color:#5c5cff;">t.py <span style="color:#5c5cff;">ITINF24/lektion12/unittest
</span>$ python3 cat_math_test.py 
test_eighteen (__main__.TestStringMethods.test_eighteen) ... ok
test_four (__main__.TestStringMethods.test_four) ... ok
test_one (__main__.TestStringMethods.test_one) ... ok
test_three (__main__.TestStringMethods.test_three) ... ok
test_two (__main__.TestStringMethods.test_two) ... ok

----------------------------------------------------------------------
Ran 5 tests in 0.001s

OK
<span style="color:#5c5cff;">ITINF24/lektion12/unittest
<span style="color:#5c5cff;">">ITINF24/lektion12/unittest
</span>$ ls
1_cat_math.py	    cat_math.py       cat_years_definition.txt
1_cat_math_test.py  cat_math_test.py  __pycache__
<span style="color:#5c5cff;">ITINF24/lektion12/unittest
</span>$ cd ..
<span style="color:#5c5cff;">ITINF24/lektion12
<span style="color:#5c5cff;">5c5cff;">ITINF24/lektion12
</span>$ ls
doctests  ex_import_vs_script  pip.md  recordings  syspath  TDD.md  unittest
<span style="color:#5c5cff;">ITINF24/lektion12
</span>$ c
mkdir virtual?_env
<span style="color:#5c5cff;">ITINF24/lektion12
<span style="color:#5c5cff;">5c5cff;">ITINF24/lektion12
</span>$ cd virtual_env/
<span style="color:#5c5cff;">ITINF24/lektion12/virtual_env
<span style="color:#5c5cff;">5c5cff;">ITINF24/lektion12/virtual_env
</span>$ ls
<span style="color:#5c5cff;">ITINF24/lektion12/virtual_env
</span>$ python33 -m
venv
usage: venv [-h] [--system-site-packages] [--symlinks | --copies] [--clear] [--upgrade]
            [--without-pip] [--prompt PROMPT] [--upgrade-deps]
            ENV_DIR [ENV_DIR ...]
venv: error: the following arguments are required: ENV_DIR
<span style="color:#5c5cff;">ITINF24/lektion12/virtual_env
<span style="color:#5c5cff;"> style="color:#5c5cff;">ITINF24/lektion12/virtual_env
</span>$ python3 -m venv .venv
<span style="color:#5c5cff;">ITINF24/lektion12/virtual_env
<span style="color:#5c5cff;">olor:#5c5cff;">ITINF24/lektion12/virtual_env
</span>$ .venv/Scripts/activvare ^C
<span style="color:#5c5cff;">ITINF24/lektion12/virtual_env
</span>$ .vsource .venv/Sc
r
bin/ac
<span style="color:#5c5cff;">cff;">ITINF24/lektion12/virtual_env
</span>$ source .venv/bin/activate
<span style="color:#5c5cff;">ITINF24/lektion12/virtual_env
<span style="color:#5c5cff;">or:#5c5cff;">ITINF24/lektion12/virtual_env
</span>$ pip list
]Package    Version
---------- -------
pip        23.0.1
setuptools 66.1.1
<span style="color:#5c5cff;">ITINF24/lektion12/virtual_env
<span style="color:#5c5cff;">"color:#5c5cff;">ITINF24/lektion12/virtual_env
</span>$ pip list
Package    Version
---------- -------
pip        23.0.1
setuptools 66.1.1
<span style="color:#5c5cff;">ITINF24/lektion12/virtual_env
</span>$ pip install pyt
e
<span style="color:#5c5cff;">">ITINF24/lektion12/virtual_env
</span>$ pip install pytest
Collecting pytest
  Using cached pytest-8.3.5-py3-none-any.whl (343 kB)
Collecting iniconfig
  Using cached iniconfig-2.0.0-py3-none-any.whl (5.9 kB)
Collecting packaging
  Using cached packaging-24.2-py3-none-any.whl (65 kB)
Collecting pluggy&lt;2,&gt;=1.5
  Using cached pluggy-1.5.0-py3-none-any.whl (20 kB)
Installing collected packages: pluggy, packaging, iniconfig, pytest
Successfully installed iniconfig-2.0.0 packaging-24.2 pluggy-1.5.0 pytest-8.3.5
<span style="color:#5c5cff;">ITINF24/lektion12/virtual_env
<span style="color:#5c5cff;">5c5cff;">ITINF24/lektion12/virtual_env
</span>$ pip list
Package    Version
---------- -------
iniconfig  2.0.0
packaging  24.2
pip        23.0.1
pluggy     1.5.0
pytest     8.3.5
setuptools 66.1.1
<span style="color:#5c5cff;">ITINF24/lektion12/virtual_env
<span style="color:#5c5cff;">">ITINF24/lektion12/virtual_env
</span>$ pip freeze
iniconfig==2.0.0
packaging==24.2
pluggy==1.5.0
pytest==8.3.5
<span style="color:#5c5cff;">ITINF24/lektion12/virtual_env
<span style="color:#5c5cff;">5c5cff;">ITINF24/lektion12/virtual_env
</span>$ pip fre
eze &gt;requirements.txt
<span style="color:#5c5cff;">ITINF24/lektion12/virtual_env
<span style="color:#5c5cff;">5cff;">ITINF24/lektion12/virtual_env
</span>$ ls -a
.  ..  requirements.txt  .venv
<span style="color:#5c5cff;">ITINF24/lektion12/virtual_env
$ tree .venv/ | less
.venv/
â”œâ”€â”€ bin
â”‚Â Â  â”œâ”€â”€ activate
â”‚Â Â  â”œâ”€â”€ activate.csh
â”‚Â Â  â”œâ”€â”€ activate.fish
â”‚Â Â  â”œâ”€â”€ Activate.ps1
â”‚Â Â  â”œâ”€â”€ pip
â”‚Â Â  â”œâ”€â”€ pip3
â”‚Â Â  â”œâ”€â”€ pip3.11
â”‚Â Â  â”œâ”€â”€ py.test
â”‚Â Â  â”œâ”€â”€ pytest
â”‚Â Â  â”œâ”€â”€ python -&gt; python3
â”‚Â Â  â”œâ”€â”€ python3 -&gt; /usr/bin/python3
â”‚Â Â  â””â”€â”€ python3.11 -&gt; python3
â”œâ”€â”€ include
â”‚Â Â  â””â”€â”€ python3.11
â”œâ”€â”€ lib
â”‚Â Â  â””â”€â”€ python3.11
â”‚Â Â      â””â”€â”€ site-packages
â”‚Â Â          â”œâ”€â”€ _distutils_hack
â”‚Â Â          â”‚Â Â  â”œâ”€â”€ __init__.py
â”‚Â Â          â”‚Â Â  â”œâ”€â”€ override.py
â”‚Â Â          â”‚Â Â  â””â”€â”€ __pycache__
â”‚Â Â          â”‚Â Â      â”œâ”€â”€ __init__.cpython-311.pyc
â”‚Â Â          â”‚Â Â      â””â”€â”€ override.cpython-311.pyc
â”‚Â Â          â”œâ”€â”€ distutils-precedence.pth
â”‚Â Â          â”œâ”€â”€ iniconfig
â”‚Â Â          â”‚Â Â  â”œâ”€â”€ exceptions.py
â”‚Â Â          â”‚Â Â  â”œâ”€â”€ __init__.py
â”‚Â Â          â”‚Â Â  â”œâ”€â”€ _parse.py
â”‚Â Â          â”‚Â Â  â”œâ”€â”€ __pycache__
â”‚Â Â          â”‚Â Â  â”‚Â Â  â”œâ”€â”€ exceptions.cpython-311.pyc
â”‚Â Â          â”‚Â Â  â”‚Â Â  â”œâ”€â”€ __init__.cpython-311.pyc
â”‚Â Â          â”‚Â Â  â”‚Â Â  â”œâ”€â”€ _parse.cpython-311.pyc
â”‚Â Â          â”‚Â Â  â”‚Â Â  â””â”€â”€ _version.cpython-311.pyc
â”‚Â Â          â”‚Â Â  â”œâ”€â”€ py.typed
â”‚Â Â          â”‚Â Â  â””â”€â”€ _version.py
â”‚Â Â          â”œâ”€â”€ iniconfig-2.0.0.dist-info
â”‚Â Â          â”‚Â Â  â”œâ”€â”€ INSTALLER
â”‚Â Â          â”‚Â Â  â”œâ”€â”€ licenses
â”‚Â Â          â”‚Â Â  â”‚Â Â  â””â”€â”€ LICENSE
â”‚Â Â          â”‚Â Â  â”œâ”€â”€ METADATA
â”‚Â Â          â”‚Â Â  â”œâ”€â”€ RECORD
â”‚Â Â          â”‚Â Â  â””â”€â”€ WHEEL
â”‚Â Â          â”œâ”€â”€ packaging
â”‚Â Â          â”‚Â Â  â”œâ”€â”€ _elffile.py
â”‚Â Â          â”‚Â Â  â”œâ”€â”€ __init__.py
â”‚Â Â          â”‚Â Â  â”œâ”€â”€ licenses
â”‚Â Â          â”‚Â Â  â”‚Â Â  â”œâ”€â”€ __init__.py
â”‚Â Â          â”‚Â Â  â”‚Â Â  â”œâ”€â”€ __pycache__
â”‚Â Â          â”‚Â Â  â”‚Â Â  â”‚Â Â  â”œâ”€â”€ __init__.cpython-311.pyc
â”‚Â Â          â”‚Â Â  â”‚Â Â  â”‚Â Â  â””â”€â”€ _spdx.cpython-311.pyc
â”‚Â Â          â”‚Â Â  â”‚Â Â  â””â”€â”€ _spdx.py
â”‚Â Â          â”‚Â Â  â”œâ”€â”€ _manylinux.py
â”‚Â Â          â”‚Â Â  â”œâ”€â”€ markers.py
â”‚Â Â          â”‚Â Â  â”œâ”€â”€ metadata.py
â”‚Â Â          â”‚Â Â  â”œâ”€â”€ _musllinux.py
â”‚Â Â          â”‚Â Â  â”œâ”€â”€ _parser.py
â”‚Â Â          â”‚Â Â  â”œâ”€â”€ __pycache__
â”‚Â Â          â”‚Â Â  â”‚Â Â  â”œâ”€â”€ _elffile.cpython-311.pyc
â”‚Â Â          â”‚Â Â  â”‚Â Â  â”œâ”€â”€ __init__.cpython-311.pyc
â”‚Â Â          â”‚Â Â  â”‚Â Â  â”œâ”€â”€ _manylinux.cpython-311.pyc
â”‚Â Â          â”‚Â Â  â”‚Â Â  â”œâ”€â”€ markers.cpython-311.pyc
â”‚Â Â          â”‚Â Â  â”‚Â Â  â”œâ”€â”€ metadata.cpython-311.pyc
â”‚Â Â          â”‚Â Â  â”‚Â Â  â”œâ”€â”€ _musllinux.cpython-311.pyc
â”‚Â Â          â”‚Â Â  â”‚Â Â  â”œâ”€â”€ _parser.cpython-311.pyc
â”‚Â Â          â”‚Â Â  â”‚Â Â  â”œâ”€â”€ requirements.cpython-311.pyc
â”‚Â Â          â”‚Â Â  â”‚Â Â  â”œâ”€â”€ specifiers.cpython-311.pyc
â”‚Â Â          â”‚Â Â  â”‚Â Â  â”œâ”€â”€ _structures.cpython-311.pyc
â”‚Â Â          â”‚Â Â  â”‚Â Â  â”œâ”€â”€ tags.cpython-311.pyc
â”‚Â Â          â”‚Â Â  â”‚Â Â  â”œâ”€â”€ _tokenizer.cpython-311.pyc
â”‚Â Â          â”‚Â Â  â”‚Â Â  â”œâ”€â”€ utils.cpython-311.pyc
â”‚Â Â          â”‚Â Â  â”‚Â Â  â””â”€â”€ version.cpython-311.pyc
â”‚Â Â          â”‚Â Â  â”œâ”€â”€ py.typed
â”‚Â Â          â”‚Â Â  â”œâ”€â”€ requirements.py
â”‚Â Â          â”‚Â Â  â”œâ”€â”€ specifiers.py
â”‚Â Â          â”‚Â Â  â”œâ”€â”€ _structures.py
â”‚Â Â          â”‚Â Â  â”œâ”€â”€ tags.py
â”‚Â Â          â”‚Â Â  â”œâ”€â”€ _tokenizer.py
â”‚Â Â          â”‚Â Â  â”œâ”€â”€ utils.py
â”‚Â Â          â”‚Â Â  â””â”€â”€ version.py
â”‚Â Â          â”œâ”€â”€ packaging-24.2.dist-info
â”‚Â Â          â”‚Â Â  â”œâ”€â”€ INSTALLER
â”‚Â Â          â”‚Â Â  â”œâ”€â”€ LICENSE
â”‚Â Â          â”‚Â Â  â”œâ”€â”€ LICENSE.APACHE
â”‚Â Â          â”‚Â Â  â”œâ”€â”€ LICENSE.BSD
â”‚Â Â          â”‚Â Â  â”œâ”€â”€ METADATA
â”‚Â Â          â”‚Â Â  â”œâ”€â”€ RECORD
â”‚Â Â          â”‚Â Â  â””â”€â”€ WHEEL
â”‚Â Â          â”œâ”€â”€ pip
â”‚Â Â          â”‚Â Â  â”œâ”€â”€ __init__.py
â”‚Â Â          â”‚Â Â  â”œâ”€â”€ _internal
â”‚Â Â          â”‚Â Â  â”‚Â Â  â”œâ”€â”€ build_env.py
â”‚Â Â          â”‚Â Â  â”‚Â Â  â”œâ”€â”€ cache.py
â”‚Â Â          â”‚Â Â  â”‚Â Â  â”œâ”€â”€ cli
â”‚Â Â          â”‚Â Â  â”‚Â Â  â”‚Â Â  â”œâ”€â”€ autocompletion.py
â”‚Â Â          â”‚Â Â  â”‚Â Â  â”‚Â Â  â”œâ”€â”€ base_command.py
â”‚Â Â          â”‚Â Â  â”‚Â Â  â”‚Â Â  â”œâ”€â”€ cmdoptions.py
â”‚Â Â          â”‚Â Â  â”‚Â Â  â”‚Â Â  â”œâ”€â”€ command_context.py
â”‚Â Â          â”‚Â Â  â”‚Â Â  â”‚Â Â  â”œâ”€â”€ __init__.py
â”‚Â Â          â”‚Â Â  â”‚Â Â  â”‚Â Â  â”œâ”€â”€ main_parser.py
â”‚Â Â          â”‚Â Â  â”‚Â Â  â”‚Â Â  â”œâ”€â”€ main.py
â”‚Â Â          â”‚Â Â  â”‚Â Â  â”‚Â Â  â”œâ”€â”€ parser.py
â”‚Â Â          â”‚Â Â  â”‚Â Â  â”‚Â Â  â”œâ”€â”€ progress_bars.py
â”‚Â Â          â”‚Â Â  â”‚Â Â  â”‚Â Â  â”œâ”€â”€ __pycache__
â”‚Â Â          â”‚Â Â  â”‚Â Â  â”‚Â Â  â”‚Â Â  â”œâ”€â”€ autocompletion.cpython-311.pyc
â”‚Â Â          â”‚Â Â  â”‚Â Â  â”‚Â Â  â”‚Â Â  â”œâ”€â”€ base_command.cpython-311.pyc
â”‚Â Â          â”‚Â Â  â”‚Â Â  â”‚Â Â  â”‚Â Â  â”œâ”€â”€ cmdoptions.cpython-311.pyc
â”‚Â Â          â”‚Â Â  â”‚Â Â  â”‚Â Â  â”‚Â Â  â”œâ”€â”€ command_context.cpython-311.pyc
â”‚Â Â          â”‚Â Â  â”‚Â Â  â”‚Â Â  â”‚Â Â  â”œâ”€â”€ __init__.cpython-311.pyc
â”‚Â Â          â”‚Â Â  â”‚Â Â  â”‚Â Â  â”‚Â Â  â”œâ”€â”€ main.cpython-311.pyc
â”‚Â Â          â”‚Â Â  â”‚Â Â  â”‚Â Â  â”‚Â Â  â”œâ”€â”€ main_parser.cpython-311.pyc
â”‚Â Â          â”‚Â Â  â”‚Â Â  â”‚Â Â  â”‚Â Â  â”œâ”€â”€ parser.cpython-311.pyc
â”‚Â Â          â”‚Â Â  â”‚Â Â  â”‚Â Â  â”‚Â Â  â”œâ”€â”€ progress_bars.cpython-311.pyc
â”‚Â Â          â”‚Â Â  â”‚Â Â  â”‚Â Â  â”‚Â Â  â”œâ”€â”€ req_command.cpython-311.pyc
â”‚Â Â          â”‚Â Â  â”‚Â Â  â”‚Â Â  â”‚Â Â  â”œâ”€â”€ spinners.cpython-311.pyc
â”‚Â Â          â”‚Â Â  â”‚Â Â  â”‚Â Â  â”‚Â Â  â””â”€â”€ status_codes.cpython-311.pyc
â”‚Â Â          â”‚Â Â  â”‚Â Â  â”‚Â Â  â”œâ”€â”€ req_command.py
â”‚Â Â          â”‚Â Â  â”‚Â Â  â”‚Â Â  â”œâ”€â”€ spinners.py
â”‚Â Â          â”‚Â Â  â”‚Â Â  â”‚Â Â  â””â”€â”€ status_codes.py
â”‚Â Â          â”‚Â Â  â”‚Â Â  â”œâ”€â”€ commands
â”‚Â Â          â”‚Â Â  â”‚Â Â  â”‚Â Â  â”œâ”€â”€ cache.py
â”‚Â Â          â”‚Â Â  â”‚Â Â  â”‚Â Â  â”œâ”€â”€ check.py
â”‚Â Â          â”‚Â Â  â”‚Â Â  â”‚Â Â  â”œâ”€â”€ completion.py
â”‚Â Â          â”‚Â Â  â”‚Â Â  â”‚Â Â  â”œâ”€â”€ configuration.py
â”‚Â Â          â”‚Â Â  â”‚Â Â  â”‚Â Â  â”œâ”€â”€ debug.py
â”‚Â Â          â”‚Â Â  â”‚Â Â  â”‚Â Â  â”œâ”€â”€ download.py
â”‚Â Â          â”‚Â Â  â”‚Â Â  â”‚Â Â  â”œâ”€â”€ freeze.py
â”‚Â Â          â”‚Â Â  â”‚Â Â  â”‚Â Â  â”œâ”€â”€ hash.py
â”‚Â Â          â”‚Â Â  â”‚Â Â  â”‚Â Â  â”œâ”€â”€ help.py
â”‚Â Â          â”‚Â Â  â”‚Â Â  â”‚Â Â  â”œâ”€â”€ index.py
â”‚Â Â          â”‚Â Â  â”‚Â Â  â”‚Â Â  â”œâ”€â”€ __init__.py
â”‚Â Â          â”‚Â Â  â”‚Â Â  â”‚Â Â  â”œâ”€â”€ inspect.py
â”‚Â Â          â”‚Â Â  â”‚Â Â  â”‚Â Â  â”œâ”€â”€ install.py
â”‚Â Â          â”‚Â Â  â”‚Â Â  â”‚Â Â  â”œâ”€â”€ list.py
â”‚Â Â          â”‚Â Â  â”‚Â Â  â”‚Â Â  â”œâ”€â”€ __pycache__
â”‚Â Â          â”‚Â Â  â”‚Â Â  â”‚Â Â  â”‚Â Â  â”œâ”€â”€ cache.cpython-311.pyc
â”‚Â Â          â”‚Â Â  â”‚Â Â  â”‚Â Â  â”‚Â Â  â”œâ”€â”€ check.cpython-311.pyc
â”‚Â Â          â”‚Â Â  â”‚Â Â  â”‚Â Â  â”‚Â Â  â”œâ”€â”€ completion.cpython-311.pyc
â”‚Â Â          â”‚Â Â  â”‚Â Â  â”‚Â Â  â”‚Â Â  â”œâ”€â”€ configuration.cpython-311.pyc
â”‚Â Â          â”‚Â Â  â”‚Â Â  â”‚Â Â  â”‚Â Â  â”œâ”€â”€ debug.cpython-311.pyc
â”‚Â Â          â”‚Â Â  â”‚Â Â  â”‚Â Â  â”‚Â Â  â”œâ”€â”€ download.cpython-311.pyc
â”‚Â Â          â”‚Â Â  â”‚Â Â  â”‚Â Â  â”‚Â Â  â”œâ”€â”€ freeze.cpython-311.pyc
â”‚Â Â          â”‚Â Â  â”‚Â Â  â”‚Â Â  â”‚Â Â  â”œâ”€â”€ hash.cpython-311.pyc
â”‚Â Â          â”‚Â Â  â”‚Â Â  â”‚Â Â  â”‚Â Â  â”œâ”€â”€ help.cpython-311.pyc
â”‚Â Â          â”‚Â Â  â”‚Â Â  â”‚Â Â  â”‚Â Â  â”œâ”€â”€ index.cpython-311.pyc
â”‚Â Â          â”‚Â Â  â”‚Â Â  â”‚Â Â  â”‚Â Â  â”œâ”€â”€ __init__.cpython-311.pyc
â”‚Â Â          â”‚Â Â  â”‚Â Â  â”‚Â Â  â”‚Â Â  â”œâ”€â”€ inspect.cpython-311.pyc
â”‚Â Â          â”‚Â Â  â”‚Â Â  â”‚Â Â  â”‚Â Â  â”œâ”€â”€ install.cpython-311.pyc
â”‚Â Â          â”‚Â Â  â”‚Â Â  â”‚Â Â  â”‚Â Â  â”œâ”€â”€ list.cpython-311.pyc
â”‚Â Â          â”‚Â Â  â”‚Â Â  â”‚Â Â  â”‚Â Â  â”œâ”€â”€ search.cpython-311.pyc
â”‚Â Â          â”‚Â Â  â”‚Â Â  â”‚Â Â  â”‚Â Â  â”œâ”€â”€ show.cpython-311.pyc
â”‚Â Â          â”‚Â Â  â”‚Â Â  â”‚Â Â  â”‚Â Â  â”œâ”€â”€ uninstall.cpython-311.pyc
â”‚Â Â          â”‚Â Â  â”‚Â Â  â”‚Â Â  â”‚Â Â  â””â”€â”€ wheel.cpython-311.pyc
â”‚Â Â          â”‚Â Â  â”‚Â Â  â”‚Â Â  â”œâ”€â”€ search.py
â”‚Â Â          â”‚Â Â  â”‚Â Â  â”‚Â Â  â”œâ”€â”€ show.py
â”‚Â Â          â”‚Â Â  â”‚Â Â  â”‚Â Â  â”œâ”€â”€ uninstall.py
â”‚Â Â          â”‚Â Â  â”‚Â Â  â”‚Â Â  â””â”€â”€ wheel.py
â”‚Â Â          â”‚Â Â  â”‚Â Â  â”œâ”€â”€ configuration.py
â”‚Â Â          â”‚Â Â  â”‚Â Â  â”œâ”€â”€ distributions
â”‚Â Â          â”‚Â Â  â”‚Â Â  â”‚Â Â  â”œâ”€â”€ base.py
â”‚Â Â          â”‚Â Â  â”‚Â Â  â”‚Â Â  â”œâ”€â”€ __init__.py
â”‚Â Â          â”‚Â Â  â”‚Â Â  â”‚Â Â  â”œâ”€â”€ installed.py
â”‚Â Â          â”‚Â Â  â”‚Â Â  â”‚Â Â  â”œâ”€â”€ __pycache__
â”‚Â Â          â”‚Â Â  â”‚Â Â  â”‚Â Â  â”‚Â Â  â”œâ”€â”€ base.cpython-311.pyc
â”‚Â Â          â”‚Â Â  â”‚Â Â  â”‚Â Â  â”‚Â Â  â”œâ”€â”€ __init__.cpython-311.pyc
â”‚Â Â          â”‚Â Â  â”‚Â Â  â”‚Â Â  â”‚Â Â  â”œâ”€â”€ installed.cpython-311.pyc
â”‚Â Â          â”‚Â Â  â”‚Â Â  â”‚Â Â  â”‚Â Â  â”œâ”€â”€ sdist.cpython-311.pyc
â”‚Â Â          â”‚Â Â  â”‚Â Â  â”‚Â Â  â”‚Â Â  â””â”€â”€ wheel.cpython-311.pyc
â”‚Â Â          â”‚Â Â  â”‚Â Â  â”‚Â Â  â”œâ”€â”€ sdist.py
â”‚Â Â          â”‚Â Â  â”‚Â Â  â”‚Â Â  â””â”€â”€ wheel.py
â”‚Â Â          â”‚Â Â  â”‚Â Â  â”œâ”€â”€ exceptions.py
â”‚Â Â          â”‚Â Â  â”‚Â Â  â”œâ”€â”€ index
â”‚Â Â          â”‚Â Â  â”‚Â Â  â”‚Â Â  â”œâ”€â”€ collector.py
â”‚Â Â          â”‚Â Â  â”‚Â Â  â”‚Â Â  â”œâ”€â”€ __init__.py
â”‚Â Â          â”‚Â Â  â”‚Â Â  â”‚Â Â  â”œâ”€â”€ package_finder.py
â”‚Â Â          â”‚Â Â  â”‚Â Â  â”‚Â Â  â”œâ”€â”€ __pycache__
â”‚Â Â          â”‚Â Â  â”‚Â Â  â”‚Â Â  â”‚Â Â  â”œâ”€â”€ collector.cpython-311.pyc
â”‚Â Â          â”‚Â Â  â”‚Â Â  â”‚Â Â  â”‚Â Â  â”œâ”€â”€ __init__.cpython-311.pyc
â”‚Â Â          â”‚Â Â  â”‚Â Â  â”‚Â Â  â”‚Â Â  â”œâ”€â”€ package_finder.cpython-311.pyc
â”‚Â Â          â”‚Â Â  â”‚Â Â  â”‚Â Â  â”‚Â Â  â””â”€â”€ sources.cpython-311.pyc
â”‚Â Â          â”‚Â Â  â”‚Â Â  â”‚Â Â  â””â”€â”€ sources.py
â”‚Â Â          â”‚Â Â  â”‚Â Â  â”œâ”€â”€ __init__.py
â”‚Â Â          â”‚Â Â  â”‚Â Â  â”œâ”€â”€ locations
â”‚Â Â          â”‚Â Â  â”‚Â Â  â”‚Â Â  â”œâ”€â”€ base.py
â”‚Â Â          â”‚Â Â  â”‚Â Â  â”‚Â Â  â”œâ”€â”€ _distutils.py
â”‚Â Â          â”‚Â Â  â”‚Â Â  â”‚Â Â  â”œâ”€â”€ __init__.py
â”‚Â Â          â”‚Â Â  â”‚Â Â  â”‚Â Â  â”œâ”€â”€ __pycache__
â”‚Â Â          â”‚Â Â  â”‚Â Â  â”‚Â Â  â”‚Â Â  â”œâ”€â”€ base.cpython-311.pyc
â”‚Â Â          â”‚Â Â  â”‚Â Â  â”‚Â Â  â”‚Â Â  â”œâ”€â”€ _distutils.cpython-311.pyc
â”‚Â Â          â”‚Â Â  â”‚Â Â  â”‚Â Â  â”‚Â Â  â”œâ”€â”€ __init__.cpython-311.pyc
â”‚Â Â          â”‚Â Â  â”‚Â Â  â”‚Â Â  â”‚Â Â  â””â”€â”€ _sysconfig.cpython-311.pyc
â”‚Â Â          â”‚Â Â  â”‚Â Â  â”‚Â Â  â””â”€â”€ _sysconfig.py
â”‚Â Â          â”‚Â Â  â”‚Â Â  â”œâ”€â”€ main.py
â”‚Â Â          â”‚Â Â  â”‚Â Â  â”œâ”€â”€ metadata
â”‚Â Â          â”‚Â Â  â”‚Â Â  â”‚Â Â  â”œâ”€â”€ base.py
â”‚Â Â          â”‚Â Â  â”‚Â Â  â”‚Â Â  â”œâ”€â”€ importlib
â”‚Â Â          â”‚Â Â  â”‚Â Â  â”‚Â Â  â”‚Â Â  â”œâ”€â”€ _compat.py
â”‚Â Â          â”‚Â Â  â”‚Â Â  â”‚Â Â  â”‚Â Â  â”œâ”€â”€ _dists.py
â”‚Â Â          â”‚Â Â  â”‚Â Â  â”‚Â Â  â”‚Â Â  â”œâ”€â”€ _envs.py
â”‚Â Â          â”‚Â Â  â”‚Â Â  â”‚Â Â  â”‚Â Â  â”œâ”€â”€ __init__.py
â”‚Â Â          â”‚Â Â  â”‚Â Â  â”‚Â Â  â”‚Â Â  â””â”€â”€ __pycache__
â”‚Â Â          â”‚Â Â  â”‚Â Â  â”‚Â Â  â”‚Â Â      â”œâ”€â”€ _compat.cpython-311.pyc
â”‚Â Â          â”‚Â Â  â”‚Â Â  â”‚Â Â  â”‚Â Â      â”œâ”€â”€ _dists.cpython-311.pyc
â”‚Â Â          â”‚Â Â  â”‚Â Â  â”‚Â Â  â”‚Â Â      â”œâ”€â”€ _envs.cpython-311.pyc
â”‚Â Â          â”‚Â Â  â”‚Â Â  â”‚Â Â  â”‚Â Â      â””â”€â”€ __init__.cpython-311.pyc
â”‚Â Â          â”‚Â Â  â”‚Â Â  â”‚Â Â  â”œâ”€â”€ __init__.py
â”‚Â Â          â”‚Â Â  â”‚Â Â  â”‚Â Â  â”œâ”€â”€ _json.py
â”‚Â Â          â”‚Â Â  â”‚Â Â  â”‚Â Â  â”œâ”€â”€ pkg_resources.py
â”‚Â Â          â”‚Â Â  â”‚Â Â  â”‚Â Â  â””â”€â”€ __pycache__
â”‚Â Â          â”‚Â Â  â”‚Â Â  â”‚Â Â      â”œâ”€â”€ base.cpython-311.pyc
â”‚Â Â          â”‚Â Â  â”‚Â Â  â”‚Â Â      â”œâ”€â”€ __init__.cpython-311.pyc
â”‚Â Â          â”‚Â Â  â”‚Â Â  â”‚Â Â      â”œâ”€â”€ _json.cpython-311.pyc
â”‚Â Â          â”‚Â Â  â”‚Â Â  â”‚Â Â      â””â”€â”€ pkg_resources.cpython-311.pyc
â”‚Â Â          â”‚Â Â  â”‚Â Â  â”œâ”€â”€ models
â”‚Â Â          â”‚Â Â  â”‚Â Â  â”‚Â Â  â”œâ”€â”€ candidate.py
â”‚Â Â          â”‚Â Â  â”‚Â Â  â”‚Â Â  â”œâ”€â”€ direct_url.py
â”‚Â Â          â”‚Â Â  â”‚Â Â  â”‚Â Â  â”œâ”€â”€ format_control.py
â”‚Â Â          â”‚Â Â  â”‚Â Â  â”‚Â Â  â”œâ”€â”€ index.py
â”‚Â Â          â”‚Â Â  â”‚Â Â  â”‚Â Â  â”œâ”€â”€ __init__.py
â”‚Â Â          â”‚Â Â  â”‚Â Â  â”‚Â Â  â”œâ”€â”€ installation_report.py
â”‚Â Â          â”‚Â Â  â”‚Â Â  â”‚Â Â  â”œâ”€â”€ link.py
â”‚Â Â          â”‚Â Â  â”‚Â Â  â”‚Â Â  â”œâ”€â”€ __pycache__
â”‚Â Â          â”‚Â Â  â”‚Â Â  â”‚Â Â  â”‚Â Â  â”œâ”€â”€ candidate.cpython-311.pyc
â”‚Â Â          â”‚Â Â  â”‚Â Â  â”‚Â Â  â”‚Â Â  â”œâ”€â”€ direct_url.cpython-311.pyc
â”‚Â Â          â”‚Â Â  â”‚Â Â  â”‚Â Â  â”‚Â Â  â”œâ”€â”€ format_control.cpython-311.pyc
â”‚Â Â          â”‚Â Â  â”‚Â Â  â”‚Â Â  â”‚Â Â  â”œâ”€â”€ index.cpython-311.pyc
â”‚Â Â          â”‚Â Â  â”‚Â Â  â”‚Â Â  â”‚Â Â  â”œâ”€â”€ __init__.cpython-311.pyc
â”‚Â Â          â”‚Â Â  â”‚Â Â  â”‚Â Â  â”‚Â Â  â”œâ”€â”€ installation_report.cpython-311.pyc
â”‚Â Â          â”‚Â Â  â”‚Â Â  â”‚Â Â  â”‚Â Â  â”œâ”€â”€ link.cpython-311.pyc
â”‚Â Â          â”‚Â Â  â”‚Â Â  â”‚Â Â  â”‚Â Â  â”œâ”€â”€ scheme.cpython-311.pyc
â”‚Â Â          â”‚Â Â  â”‚Â Â  â”‚Â Â  â”‚Â Â  â”œâ”€â”€ search_scope.cpython-311.pyc
â”‚Â Â          â”‚Â Â  â”‚Â Â  â”‚Â Â  â”‚Â Â  â”œâ”€â”€ selection_prefs.cpython-311.pyc
â”‚Â Â          â”‚Â Â  â”‚Â Â  â”‚Â Â  â”‚Â Â  â”œâ”€â”€ target_python.cpython-311.pyc
â”‚Â Â          â”‚Â Â  â”‚Â Â  â”‚Â Â  â”‚Â Â  â””â”€â”€ wheel.cpython-311.pyc
â”‚Â Â          â”‚Â Â  â”‚Â Â  â”‚Â Â  â”œâ”€â”€ scheme.py
â”‚Â Â          â”‚Â Â  â”‚Â Â  â”‚Â Â  â”œâ”€â”€ search_scope.py
â”‚Â Â          â”‚Â Â  â”‚Â Â  â”‚Â Â  â”œâ”€â”€ selection_prefs.py
â”‚Â Â          â”‚Â Â  â”‚Â Â  â”‚Â Â  â”œâ”€â”€ target_python.py
â”‚Â Â          â”‚Â Â  â”‚Â Â  â”‚Â Â  â””â”€â”€ wheel.py
â”‚Â Â          â”‚Â Â  â”‚Â Â  â”œâ”€â”€ network
â”‚Â Â          â”‚Â Â  â”‚Â Â  â”‚Â Â  â”œâ”€â”€ auth.py
â”‚Â Â          â”‚Â Â  â”‚Â Â  â”‚Â Â  â”œâ”€â”€ cache.py
â”‚Â Â          â”‚Â Â  â”‚Â Â  â”‚Â Â  â”œâ”€â”€ download.py
â”‚Â Â          â”‚Â Â  â”‚Â Â  â”‚Â Â  â”œâ”€â”€ __init__.py
â”‚Â Â          â”‚Â Â  â”‚Â Â  â”‚Â Â  â”œâ”€â”€ lazy_wheel.py
â”‚Â Â          â”‚Â Â  â”‚Â Â  â”‚Â Â  â”œâ”€â”€ __pycache__
â”‚Â Â          â”‚Â Â  â”‚Â Â  â”‚Â Â  â”‚Â Â  â”œâ”€â”€ auth.cpython-311.pyc
â”‚Â Â          â”‚Â Â  â”‚Â Â  â”‚Â Â  â”‚Â Â  â”œâ”€â”€ cache.cpython-311.pyc
â”‚Â Â          â”‚Â Â  â”‚Â Â  â”‚Â Â  â”‚Â Â  â”œâ”€â”€ download.cpython-311.pyc
â”‚Â Â          â”‚Â Â  â”‚Â Â  â”‚Â Â  â”‚Â Â  â”œâ”€â”€ __init__.cpython-311.pyc
â”‚Â Â          â”‚Â Â  â”‚Â Â  â”‚Â Â  â”‚Â Â  â”œâ”€â”€ lazy_wheel.cpython-311.pyc
â”‚Â Â          â”‚Â Â  â”‚Â Â  â”‚Â Â  â”‚Â Â  â”œâ”€â”€ session.cpython-311.pyc
â”‚Â Â          â”‚Â Â  â”‚Â Â  â”‚Â Â  â”‚Â Â  â”œâ”€â”€ utils.cpython-311.pyc
â”‚Â Â          â”‚Â Â  â”‚Â Â  â”‚Â Â  â”‚Â Â  â””â”€â”€ xmlrpc.cpython-311.pyc
â”‚Â Â          â”‚Â Â  â”‚Â Â  â”‚Â Â  â”œâ”€â”€ session.py
â”‚Â Â          â”‚Â Â  â”‚Â Â  â”‚Â Â  â”œâ”€â”€ utils.py
â”‚Â Â          â”‚Â Â  â”‚Â Â  â”‚Â Â  â””â”€â”€ xmlrpc.py
â”‚Â Â          â”‚Â Â  â”‚Â Â  â”œâ”€â”€ operations
â”‚Â Â          â”‚Â Â  â”‚Â Â  â”‚Â Â  â”œâ”€â”€ build
â”‚Â Â          â”‚Â Â  â”‚Â Â  â”‚Â Â  â”‚Â Â  â”œâ”€â”€ build_tracker.py
â”‚Â Â          â”‚Â Â  â”‚Â Â  â”‚Â Â  â”‚Â Â  â”œâ”€â”€ __init__.py
â”‚Â Â          â”‚Â Â  â”‚Â Â  â”‚Â Â  â”‚Â Â  â”œâ”€â”€ metadata_editable.py
â”‚Â Â          â”‚Â Â  â”‚Â Â  â”‚Â Â  â”‚Â Â  â”œâ”€â”€ metadata_legacy.py
â”‚Â Â          â”‚Â Â  â”‚Â Â  â”‚Â Â  â”‚Â Â  â”œâ”€â”€ metadata.py
â”‚Â Â          â”‚Â Â  â”‚Â Â  â”‚Â Â  â”‚Â Â  â”œâ”€â”€ __pycache__
â”‚Â Â          â”‚Â Â  â”‚Â Â  â”‚Â Â  â”‚Â Â  â”‚Â Â  â”œâ”€â”€ build_tracker.cpython-311.pyc
â”‚Â Â          â”‚Â Â  â”‚Â Â  â”‚Â Â  â”‚Â Â  â”‚Â Â  â”œâ”€â”€ __init__.cpython-311.pyc
â”‚Â Â          â”‚Â Â  â”‚Â Â  â”‚Â Â  â”‚Â Â  â”‚Â Â  â”œâ”€â”€ metadata.cpython-311.pyc
â”‚Â Â          â”‚Â Â  â”‚Â Â  â”‚Â Â  â”‚Â Â  â”‚Â Â  â”œâ”€â”€ metadata_editable.cpython-311.pyc
â”‚Â Â          â”‚Â Â  â”‚Â Â  â”‚Â Â  â”‚Â Â  â”‚Â Â  â”œâ”€â”€ metadata_legacy.cpython-311.pyc
â”‚Â Â          â”‚Â Â  â”‚Â Â  â”‚Â Â  â”‚Â Â  â”‚Â Â  â”œâ”€â”€ wheel.cpython-311.pyc
â”‚Â Â          â”‚Â Â  â”‚Â Â  â”‚Â Â  â”‚Â Â  â”‚Â Â  â”œâ”€â”€ wheel_editable.cpython-311.pyc
â”‚Â Â          â”‚Â Â  â”‚Â Â  â”‚Â Â  â”‚Â Â  â”‚Â Â  â””â”€â”€ wheel_legacy.cpython-311.pyc
â”‚Â Â          â”‚Â Â  â”‚Â Â  â”‚Â Â  â”‚Â Â  â”œâ”€â”€ wheel_editable.py
â”‚Â Â          â”‚Â Â  â”‚Â Â  â”‚Â Â  â”‚Â Â  â”œâ”€â”€ wheel_legacy.py
â”‚Â Â          â”‚Â Â  â”‚Â Â  â”‚Â Â  â”‚Â Â  â””â”€â”€ wheel.py
â”‚Â Â          â”‚Â Â  â”‚Â Â  â”‚Â Â  â”œâ”€â”€ check.py
â”‚Â Â          â”‚Â Â  â”‚Â Â  â”‚Â Â  â”œâ”€â”€ freeze.py
â”‚Â Â          â”‚Â Â  â”‚Â Â  â”‚Â Â  â”œâ”€â”€ __init__.py
Mâ”‚Â Â          â”‚Â Â  â”‚Â Â  â”‚Â Â  â”‚Â Â  â”œâ”€â”€ metadata_legacy.py
Mâ”‚Â Â          â”‚Â Â  â”‚Â Â  â”‚Â Â  â”‚Â Â  â”œâ”€â”€ metadata_editable.py
Mâ”‚Â Â          â”‚Â Â  â”‚Â Â  â”‚Â Â  â”‚Â Â  â”œâ”€â”€ __init__.py
Mâ”‚Â Â          â”‚Â Â  â”‚Â Â  â”‚Â Â  â”‚Â Â  â”œâ”€â”€ build_tracker.py
Mâ”‚Â Â          â”‚Â Â  â”‚Â Â  â”‚Â Â  â”œâ”€â”€ build
Mâ”‚Â Â          â”‚Â Â  â”‚Â Â  â”œâ”€â”€ operations
Mâ”‚Â Â          â”‚Â Â  â”‚Â Â  â”‚Â Â  â””â”€â”€ xmlrpc.py
Mâ”‚Â Â          â”‚Â Â  â”‚Â Â  â”‚Â Â  â”œâ”€â”€ utils.py
Mâ”‚Â Â          â”‚Â Â  â”‚Â Â  â”‚Â Â  â”œâ”€â”€ session.py
â”‚Â Â          â”‚Â Â  â”‚Â Â  â”‚Â Â  â”‚Â Â  â”‚Â Â  â”œâ”€â”€ wheel.cpython-311.pyc
â”‚Â Â          â”‚Â Â  â”‚Â Â  â”‚Â Â  â”‚Â Â  â”‚Â Â  â”œâ”€â”€ wheel_editable.cpython-311.pyc
â”‚Â Â          â”‚Â Â  â”‚Â Â  â”‚Â Â  â”‚Â Â  â”‚Â Â  â””â”€â”€ wheel_legacy.cpython-311.pyc
â”‚Â Â          â”‚Â Â  â”‚Â Â  â”‚Â Â  â”‚Â Â  â”œâ”€â”€ wheel_editable.py
â”‚Â Â          â”‚Â Â  â”‚Â Â  â”‚Â Â  â”‚Â Â  â”œâ”€â”€ wheel_legacy.py
â”‚Â Â          â”‚Â Â  â”‚Â Â  â”‚Â Â  â”‚Â Â  â””â”€â”€ wheel.py
â”‚Â Â          â”‚Â Â  â”‚Â Â  â”‚Â Â  â”œâ”€â”€ check.py
â”‚Â Â          â”‚Â Â  â”‚Â Â  â”‚Â Â  â”œâ”€â”€ freeze.py
â”‚Â Â          â”‚Â Â  â”‚Â Â  â”‚Â Â  â”œâ”€â”€ __init__.py
â”‚Â Â          â”‚Â Â  â”‚Â Â  â”‚Â Â  â”œâ”€â”€ install
 ESESCOB
</pre>
</body>
</html>
<!--HTML generated by ansifilter 2.18, http://www.andre-simon.de/-->
