Script started on 2025-03-13 10:22:20+01:00 [TERM="xterm-256color" TTY="/dev/pts/0" COLUMNS="92" LINES="5"]
[?2004h[94mITINF24/lektion12
(B[m$ /bin/python3 /shared/kent/Documents/nackademin/python/py-live/ITINF24/lektion12/syspath.py [A[C[C[C[C[C[C[C[C[C[C[C[C[C[C[C[C[C[C[C[C[C[C[C[C[C[C[C[C[C[C[C[C[C[C[C[C[C[C[C[C[C[C[C[C[C[C[C[C[C[C[C[C[C[C[C[C[C[C[C[C[C[C[C[C[C[C[C[C[C[C[C[C[C[C[C[C[C[C[C[C[C[C[C[C[C[C[C[C[C[C[C[Ky
[?2004l['/shared/kent/Documents/nackademin/python/py-live/ITINF24/lektion12', '/usr/lib/python311.zip', '/usr/lib/python3.11', '/usr/lib/python3.11/lib-dynload', '/usr/local/lib/python3.11/dist-packages', '/usr/lib/python3/dist-packages', '/usr/lib/python3.11/dist-packages']
[?2004h[94mITINF24/lektion12
(B[m$ [K(B[m$ [K(B[m$ [K(B[m$ [K(B[m$ [K(B[m$ [H[2J[94mITINF24/lektion12
(B[m$ pytoh=[K[K[Khon 3[K[K3 syspath.py 
[?2004l['/shared/kent/Documents/nackademin/python/py-live/ITINF24/lektion12', '/usr/lib/python311.zip', '/usr/lib/python3.11', '/usr/lib/python3.11/lib-dynload', '/usr/local/lib/python3.11/dist-packages', '/usr/lib/python3/dist-packages', '/usr/lib/python3.11/dist-packages']
[?2004h[94mITINF24/lektion12
(B[m$ cd ..
[?2004l[?2004h[94mITINF24 (B[m$ cd ..python3 syspath.py [H[2J[94mITINF24 (B[m$ python3 syspath.py [K[K[K[K[K[K[K[K[K[K[Klektion12/sts[K[Kyspath.py 
[?2004l['/shared/kent/Documents/nackademin/python/py-live/ITINF24/lektion12', '/usr/lib/python311.zip', '/usr/lib/python3.11', '/usr/lib/python3.11/lib-dynload', '/usr/local/lib/python3.11/dist-packages', '/usr/lib/python3/dist-packages', '/usr/lib/python3.11/dist-packages']
[?2004h[94mITINF24 (B[m$ python3 lektion12/syspath.py [H[2J[94mITINF24 (B[m$ python3 lektion12/syspath.py 
[?2004l['/shared/kent/Documents/nackademin/python/py-live/ITINF24/lektion12', '/usr/lib/python311.zip', '/usr/lib/python3.11', '/usr/lib/python3.11/lib-dynload', '/usr/local/lib/python3.11/dist-packages', '/usr/lib/python3/dist-packages', '/usr/lib/python3.11/dist-packages', '/etc']
[?2004h[94mITINF24 (B[m$ mki[Kdir /tmp/minmodd
[?2004l[?2004h[94mITINF24 (B[m$ echo ''p'r'i'n't'('"'H'E'L'L'O' 'F'R'O'M' 'M'I'N'M'<'O'D'D'[1P'[1P'[1P'[1P'O'D'D'"')'[C > /tmp/minmodd/midden[K[K[K[K[Kodden.py
[?2004l[?2004h[94mITINF24 (B[m$ echo 'print("HELLO FROM MINMODD")' > /tmp/minmodd/modden.py[C[C[C[C[C[C[C[C[C[Cmkdir /tmp/minmodd[K[C[C[C[C[C[C[C[C[C[Cpython3 lektion12/syspath.py [H[2J[94mITINF24 (B[m$ python3 lektion12/syspath.py 
[?2004lTraceback (most recent call last):
  File "/shared/kent/Documents/nackademin/python/py-live/ITINF24/lektion12/syspath.py", line 3, in <module>
    import modden
ModuleNotFoundError: No module named 'modden'
[?2004h[94mITINF24 (B[m$ (reverse-i-search)`': [30@e': python3 l[7me[27mktion12/syspath.pyc': [7mec[27mho 'print("HELLO FROM MINMODD")' > /tmp/minmodd/modden.py[C[C[C[C[C[C[C[C[C[C[C[C[C[C[C[C[C[C[C[C[C[C[C[C[1@h': [7mech[27m[1@o': [7mecho[27m[16P[94mITINF24 (B[m$ echo[C[C[C[C[C[C[C[C[C[C[C[C[C[C[C[C[C[C[C[C[C[C[C[C[C[C[C[C[C[C[C[C[C[C[C[C[C[C[C[C[C[C[C[C[C[C[C[C[C[C[C[C[C[C[C[C[C[C[C  ^C[?2004l[?2004h[?2004l
[?2004h[94mITINF24 (B[m$ python3 lektion12/syspath.py [C[C[C[C[C[C[C[C[C[Cecho 'print("HELLO FROM MINMODD")' > /tmp/minmodd/modden.py[C[C[C[C[C[C[C[C[C[C[30Ppython3 lektion12/syspath.py [H[2J[94mITINF24 (B[m$ python3 lektion12/syspath.py 
[?2004lHELLO FROM MINMODD
['/shared/kent/Documents/nackademin/python/py-live/ITINF24/lektion12', '/usr/lib/python311.zip', '/usr/lib/python3.11', '/usr/lib/python3.11/lib-dynload', '/usr/local/lib/python3.11/dist-packages', '/usr/lib/python3/dist-packages', '/usr/lib/python3.11/dist-packages', '/tmp/minmodd']
[?2004h[94mITINF24 (B[m$ [H[2J[94mITINF24 (B[m$ echo ¬§[K$PATH lektion[K[K[K[K[K[K[K[K[K[K[KYDEVD_DISABLE_FILE_VALIDATION lektion[K[K[K[K[K[K[K[K[K[K[K[K[K[K[K[K[K[K[K[K[K[K[K[K[K[K[K[K[K[K[K[K[K[K[K[KTHONPATH
[?2004l
[?2004h[94mITINF24 (B[m$ PY[K[Kecho $PYTHONPATH[C[C[C[C[C[C[C[C[C[Cpython3 lektion12/syspath.py [1@P[1@Y[1@T[1@H[1@O[1@N[1@P[1@A[1@T[1@H[1@ [1@=[1@/[1@t[1@m[1@p[1@/[1@m[1@,[1@i[1P[1P[1@i[1@n[1@m[1@o[1@d[1@d[C[C[C[C[C[C[C[C[C[C[C[C[C[C[C[C[C[C[C[C[C[C[C[C[C[C[C[C[C[C[H[2J[94mITINF24 (B[m$ PYTHONPATH=/tmp/minmodd python3 lektion12/syspath.py 
[?2004lpython3: can't open file '/shared/kent/Documents/nackademin/python/py-live/ITINF24/lektion12/syspath.py': [Errno 2] No such file or directory
[?2004h[94mITINF24 (B[m$ PYTHONPATH=/tmp/minmodd python3 lektion12/syspath.py [1@2[H[2J[94mITINF24 (B[m$ PYTHONPATH=/tmp/minmodd python3 lektion12/syspath2.py [C[C[C[C[K
[?2004lHELLO FROM MINMODD
['/shared/kent/Documents/nackademin/python/py-live/ITINF24/lektion12', '/tmp/minmodd', '/usr/lib/python311.zip', '/usr/lib/python3.11', '/usr/lib/python3.11/lib-dynload', '/usr/local/lib/python3.11/dist-packages', '/usr/lib/python3/dist-packages', '/usr/lib/python3.11/dist-packages']
[?2004h[94mITINF24 (B[m$ [K[94mITINF24 (B[m$ [K[94mITINF24 (B[m$ [K[94mITINF24 (B[m$ [K[94mITINF24 (B[m$ [K[94mITINF24 (B[m$ [K[94mITINF24 (B[m$ [K[94mITINF24 (B[m$ [K[94mITINF24 (B[m$ [H[2J[94mITINF24 (B[m$ python3
[?2004lPython 3.11.2 (main, Nov 30 2024, 21:22:50) [GCC 12.2.0] on linux
Type "help", "copyright", "credits" or "license" for more information.
>>> print("hej")
hej
>>> [H[2J>>> import sys
>>> 
>>> print(sys.
sys.abiflags                               sys.hash_info
sys.addaudithook(                          sys.hexversion
sys.api_version                            sys.implementation
sys.argv                                   sys.int_info
sys.audit(                                 sys.intern(
sys.base_exec_prefix                       sys.is_finalizing()
sys.base_prefix                            sys.maxsize
sys.breakpointhook(                        sys.maxunicode
sys.builtin_module_names                   sys.meta_path
sys.byteorder                              sys.modules
sys.call_tracing(                          sys.orig_argv
--More--[Ksys.copyright                              sys.path
sys.displayhook(                           sys.path_hooks
sys.dont_write_bytecode                    sys.path_importer_cache
sys.exc_info()                             sys.platform
sys.excepthook(                            sys.platlibdir
sys.exception()                            sys.prefix
sys.exec_prefix                            sys.ps1
sys.executable                             sys.ps2
sys.exit(                                  sys.pycache_prefix
sys.flags                                  sys.set_asyncgen_hooks(
sys.float_info                             sys.set_coroutine_origin_tracking_depth(
--More--[Ksys.float_repr_style                       sys.set_int_max_str_digits(
sys.get_asyncgen_hooks()                   sys.setdlopenflags(
sys.get_coroutine_origin_tracking_depth()  sys.setprofile(
sys.get_int_max_str_digits()               sys.setrecursionlimit(
sys.getallocatedblocks()                   sys.setswitchinterval(
sys.getdefaultencoding()                   sys.settrace(
sys.getdlopenflags()                       sys.stderr
sys.getfilesystemencodeerrors()            sys.stdin
sys.getfilesystemencoding()                sys.stdlib_module_names
sys.getprofile()                           sys.stdout
sys.getrecursionlimit()                    sys.thread_info
--More--[Ksys.getrefcount(                           sys.unraisablehook(
sys.getsizeof(                             sys.version
sys.getswitchinterval()                    sys.version_info
sys.gettrace()                             sys.warnoptions
>>> print(sys.platform([K)[H[2J>>> print(sys.platform)
linux
>>> 
[?2004h[94mITINF24 (B[m$ [K[94mITINF24 (B[m$ [K[94mITINF24 (B[m$ [K[94mITINF24 (B[m$ [K[94mITINF24 (B[m$ [K[94mITINF24 (B[m$ [K[94mITINF24 (B[m$ [K[94mITINF24 (B[m$ [H[2J[94mITINF24 (B[m$ ls
[?2004llektion1   lektion11  lektion2	lektion5  lektion7
lektion10  lektion12  lektion4	lektion6  lektion9
[?2004h[94mITINF24 (B[m$ cd lektion12/
[?2004l[?2004h[94mITINF24/lektion12
(B[m$ [H[2J[94mITINF24/lektion12
(B[m$ ls
[?2004ldoctests  ex_import_vs_script  recordings  syspath
[?2004h[94mITINF24/lektion12
(B[m$ cdd[K doctests/
[?2004l[?2004h[94mITINF24/lektion12/doctests
(B[m$ [H[2J[94mITINF24/lektion12/doctests
(B[m$ ls
[?2004lgreet.py
[?2004h[94mITINF24/lektion12/doctests
(B[m$ python3 greet.py [H[2J[94mITINF24/lektion12/doctests
(B[m$ python3 greet.py 
[?2004l**********************************************************************
File "/shared/kent/Documents/nackademin/python/py-live/ITINF24/lektion12/doctests/greet.py", line 8, in __main__.greet
Failed example:
    greet("Urban")
Expected:
    Hello Urban!
Got:
    'Hello Urban!'
**********************************************************************
1 items had failures:
   1 of   1 in __main__.greet
***Test Failed*** 1 failures.
[?2004h[94mITINF24/lektion12/doctests
(B[m$ [K(B[m$ python3 greet.py [H[2J[94mITINF24/lektion12/doctests
(B[m$ python3 greet.py 
[?2004l[?2004h[94mITINF24/lektion12/doctests
(B[m$ [K(B[m$ [K(B[m$ [K(B[m$ [K(B[m$ [K(B[m$ [H[2J[94mITINF24/lektion12/doctests
(B[m$ python3 greet.py 
[?2004l**********************************************************************
File "/shared/kent/Documents/nackademin/python/py-live/ITINF24/lektion12/doctests/greet.py", line 11, in __main__.greet
Failed example:
    greet()
Expected:
    'Hello stranger things!'
Got:
    'Hello stranger!'
**********************************************************************
1 items had failures:
   1 of   2 in __main__.greet
***Test Failed*** 1 failures.
[?2004h[94mITINF24/lektion12/doctests
(B[m$ [K(B[m$ [K(B[m$ [K(B[m$ [K(B[m$ [K(B[m$ [K(B[m$ [K(B[m$ [K(B[m$ [K(B[m$ [K(B[m$ [K(B[m$ [K(B[m$ [K(B[m$ [K(B[m$ [K(B[m$ [K(B[m$ [K(B[m$ [K(B[m$ python3 greet.py [H[2J[94mITINF24/lektion12/doctests
(B[m$ python3 greet.py 
[?2004l[?2004h[94mITINF24/lektion12/doctests
(B[m$ [K(B[m$ [K(B[m$ [K(B[m$ [K(B[m$ [K(B[m$ [K(B[m$ [K(B[m$ [K(B[m$ [K(B[m$ [K(B[m$ [K(B[m$ [K(B[m$ [K(B[m$ python3 greet.py [H[2J[94mITINF24/lektion12/doctests
(B[m$ python3 greet.py 
[?2004l[?2004h[94mITINF24/lektion12/doctests
(B[m$ python3 greet.py 
[?2004l[?2004h[94mITINF24/lektion12/doctests
(B[m$ python3 greet.py [C[C[Kpython3 greet.py [1@2[H[2J[94mITINF24/lektion12/doctests
(B[m$ python3 greet2.py [H[2J[94mITINF24/lektion12/doctests
(B[m$ python3 greet2.py 
[?2004lTrying:
    greet("Urban")
Expecting:
    'Hello Urban!'
ok
Trying:
    greet()
Expecting:
    'Hello stranger!!'
**********************************************************************
File "/shared/kent/Documents/nackademin/python/py-live/ITINF24/lektion12/doctests/greet2.py", line 11, in __main__.greet
Failed example:
    greet()
Expected:
    'Hello stranger!!'
Got:
    'Hello stranger!'
1 items had no tests:
    __main__
**********************************************************************
1 items had failures:
   1 of   2 in __main__.greet
2 tests in 2 items.
1 passed and 1 failed.
***Test Failed*** 1 failures.
[?2004h[94mITINF24/lektion12/doctests
(B[m$ python3 greet2.py [H[2J[94mITINF24/lektion12/doctests
(B[m$ python3 greet2.py [1P[1@3[C[C[C[C[H[2J[94mITINF24/lektion12/doctests
(B[m$ python3 greet3.py [K[H[2J[94mITINF24/lektion12/doctests
(B[m$ python3 greet3.py
[?2004lTrying:
    greet("Urban")
Expecting:
    'Hello Urban!'
ok
Trying:
    greet()
Expecting:
    'Hello stranger!!'
**********************************************************************
File "/shared/kent/Documents/nackademin/python/py-live/ITINF24/lektion12/doctests/greet3.py", line 11, in __main__.greet
Failed example:
    greet()
Expected:
    'Hello stranger!!'
Got:
    'Hello stranger!'
Trying:
    upperize("hello")
Expecting:
    'HELLO'
ok
1 items had no tests:
    __main__
1 items passed all tests:
   1 tests in __main__.upperize
**********************************************************************
1 items had failures:
   1 of   2 in __main__.greet
3 tests in 3 items.
2 passed and 1 failed.
***Test Failed*** 1 failures.
[?2004h[94mITINF24/lektion12/doctests
(B[m$ python3 greet3.py[H[2J[94mITINF24/lektion12/doctests
(B[m$ python3 greet3.py
[?2004lTrying:
    upperize(greet())
Expecting:
    'HELLO STRANGER!'
ok
Trying:
    greet("Urban")
Expecting:
    'Hello Urban!'
ok
Trying:
    greet()
Expecting:
    'Hello stranger!'
ok
Trying:
    upperize("hello")
Expecting:
    'HELLO'
ok
3 items passed all tests:
   1 tests in __main__
   2 tests in __main__.greet
   1 tests in __main__.upperize
4 tests in 3 items.
4 passed and 0 failed.
Test passed.
[?2004h[94mITINF24/lektion12/doctests
(B[m$ python3 greet3.py[K(B[m$ python3 greet3.py[K(B[m$ python3 greet3.py[K(B[m$ python3 greet3.py[K(B[m$ python3 greet3.py[K(B[m$ python3 greet3.py[K(B[m$ python3 greet3.py[K(B[m$ python3 greet3.py[K(B[m$ python3 greet3.py[K(B[m$ python3 greet3.py[K(B[m$ python3 greet3.py[K(B[m$ python3 greet3.py[K(B[m$ python3 greet3.py[K(B[m$ python3 greet3.py^C[?2004l[?2004h[?2004l
[?2004h[94mITINF24/lektion12/doctests
(B[m$ [H[2J[94mITINF24/lektion12/doctests
(B[m$ cd ..
[?2004l[?2004h[94mITINF24/lektion12
(B[m$ [H[2J[94mITINF24/lektion12
(B[m$ ls
[?2004lcat_years.py  doctests	ex_import_vs_script  recordings  syspath
[?2004h[94mITINF24/lektion12
(B[m$ fold cat_years.py 
[?2004lThe first year of your cat's life is considered the equivalent of 15 human years
. The second year adds nine more human years, so 2 cat years are approximately 2
4 human years. After this, each additional human year is four ‚Äúcat years‚Äù i.
e., age 3 will be 28 human years.7'
[?2004h[94mITINF24/lektion12
(B[m$ fold cat_years.py -w 30
[?2004lThe first year of your cat's l
ife is considered the equivale
nt of 15 human years. The seco
nd year adds nine more human y
ears, so 2 cat years are appro
ximately 24 human years. After
 this, each additional human y
ear is four ‚Äúcat years‚Äù i.
e., age 3 will be 28 human yea
rs.7'
[?2004h[94mITINF24/lektion12
(B[m$ fold cat_years.py -w 30 -s
[?2004lThe first year of your cat's 
life is considered the 
equivalent of 15 human years. 
The second year adds nine 
more human years, so 2 cat 
years are approximately 24 
human years. After this, each 
additional human year is four 
‚Äúcat years‚Äù i.e., age 3 
will be 28 human years.7'
[?2004h[94mITINF24/lektion12
(B[m$ fold cat_years.py -w 30 -s[1P -s[1P -s2 -s5 -s[H[2J[94mITINF24/lektion12
(B[m$ fold cat_years.py -w 25 -s
[?2004lThe first year of your 
cat's life is considered 
the equivalent of 15 
human years. The second 
year adds nine more 
human years, so 2 cat 
years are approximately 
24 human years. After 
this, each additional 
human year is four 
‚Äúcat years‚Äù i.e., 
age 3 will be 28 human 
years.7'
[?2004h[94mITINF24/lektion12
(B[m$ fold cat_years.py -w 25 -s[1P -s[1P -s3 -s0 -s
[?2004lThe first year of your cat's 
life is considered the 
equivalent of 15 human years. 
The second year adds nine 
more human years, so 2 cat 
years are approximately 24 
human years. After this, each 
additional human year is four 
‚Äúcat years‚Äù i.e., age 3 
will be 28 human years.7'
[?2004h[94mITINF24/lektion12
(B[m$ [K(B[m$ [K(B[m$ [K(B[m$ [K(B[m$ [K(B[m$ [K(B[m$ python3 [H[2J[94mITINF24/lektion12
(B[m$ python3 [K[K[K[K[K[K[K[Kcd unittest/
[?2004l[?2004h[94mITINF24/lektion12/unittest
(B[m$ python3 [H[2J[94mITINF24/lektion12/unittest
(B[m$ python3 cat_math_test.py 
[?2004l.
----------------------------------------------------------------------
Ran 1 test in 0.000s

OK
[?2004h[94mITINF24/lektion12/unittest
(B[m$ [K(B[m$ [K(B[m$ [K(B[m$ python3 cat_math_test.py [H[2J[94mITINF24/lektion12/unittest
(B[m$ python3 cat_math_test.py 
[?2004ltest_upper (__main__.TestStringMethods.test_upper) ... ok

----------------------------------------------------------------------
Ran 1 test in 0.000s

OK
[?2004h[94mITINF24/lektion12/unittest
(B[m$ python3 cat_math_test.py [H[2J[94mITINF24/lektion12/unittest
(B[m$ python3 cat_math_test.py 
[?2004ltest_one (__main__.TestStringMethods.test_one) ... FAIL

======================================================================
FAIL: test_one (__main__.TestStringMethods.test_one)
----------------------------------------------------------------------
Traceback (most recent call last):
  File "/shared/kent/Documents/nackademin/python/py-live/ITINF24/lektion12/unittest/cat_math_test.py", line 8, in test_one
    self.assertEqual(htc(1), 15)
AssertionError: None != 15

----------------------------------------------------------------------
Ran 1 test in 0.001s

FAILED (failures=1)
[?2004h[94mITINF24/lektion12/unittest
(B[m$ python3 cat_math_test.py [H[2J[94mITINF24/lektion12/unittest
(B[m$ python3 cat_math_test.py 
[?2004ltest_one (__main__.TestStringMethods.test_one) ... ok

----------------------------------------------------------------------
Ran 1 test in 0.000s

OK
[?2004h[94mITINF24/lektion12/unittest
(B[m$ python3 cat_math_test.py [H[2J[94mITINF24/lektion12/unittest
(B[m$ python3 cat_math_test.py 
[?2004ltest_one (__main__.TestStringMethods.test_one) ... ok
test_two (__main__.TestStringMethods.test_two) ... FAIL

======================================================================
FAIL: test_two (__main__.TestStringMethods.test_two)
----------------------------------------------------------------------
Traceback (most recent call last):
  File "/shared/kent/Documents/nackademin/python/py-live/ITINF24/lektion12/unittest/cat_math_test.py", line 11, in test_two
    self.assertEqual(htc(2), 24)
AssertionError: 15 != 24

----------------------------------------------------------------------
Ran 2 tests in 0.001s

FAILED (failures=1)
[?2004h[94mITINF24/lektion12/unittest
(B[m$ python3 cat_math_test.py [H[2J[94mITINF24/lektion12/unittest
(B[m$ python3 cat_math_test.py 
[?2004ltest_one (__main__.TestStringMethods.test_one) ... ok
test_two (__main__.TestStringMethods.test_two) ... ok

----------------------------------------------------------------------
Ran 2 tests in 0.000s

OK
[?2004h[94mITINF24/lektion12/unittest
(B[m$ [H[2J[94mITINF24/lektion12/unittest
(B[m$ python3 cat_math_test.py 
[?2004ltest_one (__main__.TestStringMethods.test_one) ... ok
test_three (__main__.TestStringMethods.test_three) ... FAIL
test_two (__main__.TestStringMethods.test_two) ... ok

======================================================================
FAIL: test_three (__main__.TestStringMethods.test_three)
----------------------------------------------------------------------
Traceback (most recent call last):
  File "/shared/kent/Documents/nackademin/python/py-live/ITINF24/lektion12/unittest/cat_math_test.py", line 14, in test_three
    self.assertEqual(htc(3), 28)
AssertionError: 24 != 28

----------------------------------------------------------------------
Ran 3 tests in 0.001s

FAILED (failures=1)
[?2004h[94mITINF24/lektion12/unittest
(B[m$ python3 cat_math_test.py [H[2J[94mITINF24/lektion12/unittest
(B[m$ python3 cat_math_test.py 
[?2004ltest_one (__main__.TestStringMethods.test_one) ... ok
test_three (__main__.TestStringMethods.test_three) ... ok
test_two (__main__.TestStringMethods.test_two) ... ok

----------------------------------------------------------------------
Ran 3 tests in 0.000s

OK
[?2004h[94mITINF24/lektion12/unittest
(B[m$ [H[2J[94mITINF24/lektion12/unittest
(B[m$ ls
[?2004lcat_math.py  cat_math_test.py  cat_years_definition.txt  __pycache__
[?2004h[94mITINF24/lektion12/unittest
(B[m$ cp cat_math.py cat_math_test.py [1P[1P[1@f[1@p[1@r[C[1P[1P[1@o[1@r[C[1@ [1@x[C[1@ [1@i[1@n[C[C[C[C[C[C[C[C[C[C[C[C[C[C[C[C[C[C[C[C[C[C[C[C[C[C[C[C[C[C[K; cp $x $[K1_$x; done[1@d[1@o[1@ [H[2J[94mITINF24/lektion12/unittest
(B[m$ for x in cat_math.py cat_math_test.py; do cp $x 1_$x; done[C[C[C[C[C[C[C[C[C[C[C[C[C[C[C[C[C[C[C[C[C[C[C[C[C[C[C[C[C[C[C[C[C[C[C[C[C[C[C[C[C[C[C[C
[?2004l[?2004h[94mITINF24/lektion12/unittest
(B[m$ [H[2J[94mITINF24/lektion12/unittest
(B[m$ ls
[?2004l1_cat_math.py	    cat_math.py       cat_years_definition.txt
1_cat_math_test.py  cat_math_test.py  __pycache__
[?2004h[94mITINF24/lektion12/unittest
(B[m$ [H[2J[94mITINF24/lektion12/unittest
(B[m$ lsfor x in cat_math.py cat_math_test.py; do cp $x 1_$x; done[C[Cls[Kpython3 cat_math_test.py [H[2J[94mITINF24/lektion12/unittest
(B[m$ python3 cat_math_test.py 
[?2004ltest_one (__main__.TestStringMethods.test_one) ... ok
test_three (__main__.TestStringMethods.test_three) ... ok
test_two (__main__.TestStringMethods.test_two) ... ok

----------------------------------------------------------------------
Ran 3 tests in 0.000s

OK
[?2004h[94mITINF24/lektion12/unittest
(B[m$ [H[2J[94mITINF24/lektion12/unittest
(B[m$ python3 cat_math_test.py [H[2J[94mITINF24/lektion12/unittest
(B[m$ python3 cat_math_test.py 
[?2004ltest_four (__main__.TestStringMethods.test_four) ... FAIL
test_one (__main__.TestStringMethods.test_one) ... ok
test_three (__main__.TestStringMethods.test_three) ... ok
test_two (__main__.TestStringMethods.test_two) ... ok

======================================================================
FAIL: test_four (__main__.TestStringMethods.test_four)
----------------------------------------------------------------------
Traceback (most recent call last):
  File "/shared/kent/Documents/nackademin/python/py-live/ITINF24/lektion12/unittest/cat_math_test.py", line 17, in test_four
    self.assertEqual(htc(4), 32)
AssertionError: 28 != 32

----------------------------------------------------------------------
Ran 4 tests in 0.001s

FAILED (failures=1)
[?2004h[94mITINF24/lektion12/unittest
(B[m$ python3 cat_math_test.py [H[2J[94mITINF24/lektion12/unittest
(B[m$ python3 cat_math_test.py 
[?2004ltest_four (__main__.TestStringMethods.test_four) ... ok
test_one (__main__.TestStringMethods.test_one) ... ok
test_three (__main__.TestStringMethods.test_three) ... ok
test_two (__main__.TestStringMethods.test_two) ... ok

----------------------------------------------------------------------
Ran 4 tests in 0.000s

OK
[?2004h[94mITINF24/lektion12/unittest
(B[m$ [H[2J[94mITINF24/lektion12/unittest
(B[m$ python3 cat_math_test.py [H[2J[94mITINF24/lektion12/unittest
(B[m$ python3 cat_math_test.py 
[?2004ltest_four (__main__.TestStringMethods.test_four) ... ok
test_one (__main__.TestStringMethods.test_one) ... ok
test_three (__main__.TestStringMethods.test_three) ... ok
test_two (__main__.TestStringMethods.test_two) ... ok

--